<?xml version="1.0" encoding="UTF-8"?>
<!-- Generated by org.testng.reporters.JUnitReportReporter -->
<testsuite hostname="Chandan" failures="0" tests="2" name="com.testng.TestNgDataProviderTest" time="0.018" errors="0" timestamp="2023-05-19T07:21:37 IST" skipped="0">
  <testcase classname="com.testng.TestNgDataProviderTest" name="testDP" time="0.016"/>
  <system-out/>
  <testcase classname="com.testng.TestNgDataProviderTest" name="testDP" time="0.002"/>
  <system-out/>
</testsuite> <!-- com.testng.TestNgDataProviderTest -->
