<?xml version="1.0" encoding="UTF-8"?>
<!-- Generated by org.testng.reporters.JUnitReportReporter -->
<testsuite hostname="Chandan" failures="0" tests="2" name="com.testng.FirstTest2" time="17.129" errors="0" timestamp="2023-05-18T06:58:29 IST" skipped="0">
  <testcase classname="com.testng.FirstTest2" name="openBrowser" time="16.461"/>
  <system-out/>
  <testcase classname="com.testng.FirstTest2" name="enterUserName" time="0.668"/>
  <system-out/>
</testsuite> <!-- com.testng.FirstTest2 -->
