<?xml version="1.0" encoding="UTF-8"?>
<!-- Generated by org.testng.reporters.JUnitReportReporter -->
<testsuite hostname="Chandan" failures="0" tests="2" name="com.testng.FirstTest" time="3.848" errors="0" timestamp="2023-05-18T07:21:33 IST" skipped="0">
  <testcase classname="com.testng.FirstTest" name="openBrowser" time="3.541"/>
  <system-out/>
  <testcase classname="com.testng.FirstTest" name="enterUserName" time="0.307"/>
  <system-out/>
</testsuite> <!-- com.testng.FirstTest -->
